<?xml version="1.0" encoding="UTF-8"?>
<!-- Generated by org.testng.reporters.JUnitReportReporter -->
<testsuite hostname="MSI" failures="0" tests="1" name="sampleSeleniumProject.com.Selenium.SampleTest2" time="7.906" errors="0" timestamp="2025-03-05T00:08:15 IST" skipped="0">
  <testcase classname="sampleSeleniumProject.com.Selenium.SampleTest2" name="selectDropDown" time="7.906"/>
</testsuite> <!-- sampleSeleniumProject.com.Selenium.SampleTest2 -->
