<?xml version="1.0" encoding="UTF-8"?>
<!-- Generated by org.testng.reporters.JUnitReportReporter -->
<testsuite hostname="MSI" failures="0" tests="4" name="sampleSeleniumProject.com.Selenium.SampleTest2" time="32.247" errors="0" timestamp="2025-03-06T14:54:56 IST" skipped="0">
  <testcase classname="sampleSeleniumProject.com.Selenium.SampleTest2" name="SelectInBootStrapDropDown" time="8.587"/>
  <testcase classname="sampleSeleniumProject.com.Selenium.SampleTest2" name="selectDropDown" time="4.447"/>
  <testcase classname="sampleSeleniumProject.com.Selenium.SampleTest2" name="SelectMultipleDropDown" time="7.691"/>
  <testcase classname="sampleSeleniumProject.com.Selenium.SampleTest2" name="ScroleTest" time="11.522"/>
</testsuite> <!-- sampleSeleniumProject.com.Selenium.SampleTest2 -->
