<?xml version="1.0" encoding="UTF-8"?>
<!-- Generated by org.testng.reporters.JUnitReportReporter -->
<testsuite hostname="MSI" failures="0" tests="1" name="sampleSeleniumProject.com.Selenium.TestClass" time="4.381" errors="0" timestamp="2025-03-02T13:22:30 IST" skipped="0">
  <testcase classname="sampleSeleniumProject.com.Selenium.TestClass" name="setup" time="4.381"/>
</testsuite> <!-- sampleSeleniumProject.com.Selenium.TestClass -->
