<?xml version="1.0" encoding="UTF-8"?>
<!-- Generated by org.testng.reporters.JUnitReportReporter -->
<testsuite hostname="MSI" failures="0" tests="1" name="sampleSeleniumProject.com.Selenium.SampleTest2" time="5.119" errors="0" timestamp="2025-03-19T11:19:49 IST" skipped="0">
  <testcase classname="sampleSeleniumProject.com.Selenium.SampleTest2" name="takeSS" time="5.119"/>
</testsuite> <!-- sampleSeleniumProject.com.Selenium.SampleTest2 -->
