<?xml version="1.0" encoding="UTF-8"?>
<!-- Generated by org.testng.reporters.JUnitReportReporter -->
<testsuite hostname="MSI" failures="0" tests="1" name="sampleSeleniumProject.com.Selenium.SampleTest" time="6.513" errors="0" timestamp="2025-03-06T20:16:12 IST" skipped="0">
  <testcase classname="sampleSeleniumProject.com.Selenium.SampleTest" name="setup" time="6.513"/>
</testsuite> <!-- sampleSeleniumProject.com.Selenium.SampleTest -->
