<?xml version="1.0" encoding="UTF-8"?>
<!-- Generated by org.testng.reporters.JUnitReportReporter -->
<testsuite hostname="MSI" failures="0" tests="1" name="sampleSeleniumProject.com.Selenium.SampleTest" time="8.503" errors="0" timestamp="2025-03-02T14:39:30 IST" skipped="0">
  <testcase classname="sampleSeleniumProject.com.Selenium.SampleTest" name="setup" time="8.503"/>
</testsuite> <!-- sampleSeleniumProject.com.Selenium.SampleTest -->
