<?xml version="1.0" encoding="UTF-8"?>
<!-- Generated by org.testng.reporters.JUnitReportReporter -->
<testsuite hostname="MSI" failures="0" tests="4" name="sampleSeleniumProject.com.Selenium.SampleTest2" time="34.265" errors="0" timestamp="2025-03-06T20:16:12 IST" skipped="0">
  <testcase classname="sampleSeleniumProject.com.Selenium.SampleTest2" name="SelectMultipleDropDown" time="7.819"/>
  <testcase classname="sampleSeleniumProject.com.Selenium.SampleTest2" name="SelectInBootStrapDropDown" time="9.475"/>
  <testcase classname="sampleSeleniumProject.com.Selenium.SampleTest2" name="ScroleTest" time="12.242"/>
  <testcase classname="sampleSeleniumProject.com.Selenium.SampleTest2" name="selectDropDown" time="4.729"/>
</testsuite> <!-- sampleSeleniumProject.com.Selenium.SampleTest2 -->
